2017-05-09 14:07:44 [scrapy.utils.log] INFO: Scrapy 1.3.3 started (bot: wikiSpider)
2017-05-09 14:07:44 [scrapy.utils.log] INFO: Overridden settings: {'BOT_NAME': 'wikiSpider', 'LOG_FILE': 'wiki.log', 'NEWSPIDER_MODULE': 'wikiSpider.spiders', 'ROBOTSTXT_OBEY': True, 'SPIDER_MODULES': ['wikiSpider.spiders']}
2017-05-09 14:07:44 [scrapy.middleware] INFO: Enabled extensions:
['scrapy.extensions.corestats.CoreStats',
 'scrapy.extensions.telnet.TelnetConsole',
 'scrapy.extensions.logstats.LogStats']
2017-05-09 14:07:44 [scrapy.middleware] INFO: Enabled downloader middlewares:
['scrapy.downloadermiddlewares.robotstxt.RobotsTxtMiddleware',
 'scrapy.downloadermiddlewares.httpauth.HttpAuthMiddleware',
 'scrapy.downloadermiddlewares.downloadtimeout.DownloadTimeoutMiddleware',
 'scrapy.downloadermiddlewares.defaultheaders.DefaultHeadersMiddleware',
 'scrapy.downloadermiddlewares.useragent.UserAgentMiddleware',
 'scrapy.downloadermiddlewares.retry.RetryMiddleware',
 'scrapy.downloadermiddlewares.redirect.MetaRefreshMiddleware',
 'scrapy.downloadermiddlewares.httpcompression.HttpCompressionMiddleware',
 'scrapy.downloadermiddlewares.redirect.RedirectMiddleware',
 'scrapy.downloadermiddlewares.cookies.CookiesMiddleware',
 'scrapy.downloadermiddlewares.stats.DownloaderStats']
2017-05-09 14:07:44 [scrapy.middleware] INFO: Enabled spider middlewares:
['scrapy.spidermiddlewares.httperror.HttpErrorMiddleware',
 'scrapy.spidermiddlewares.offsite.OffsiteMiddleware',
 'scrapy.spidermiddlewares.referer.RefererMiddleware',
 'scrapy.spidermiddlewares.urllength.UrlLengthMiddleware',
 'scrapy.spidermiddlewares.depth.DepthMiddleware']
2017-05-09 14:07:44 [scrapy.middleware] INFO: Enabled item pipelines:
[]
2017-05-09 14:07:44 [scrapy.core.engine] INFO: Spider opened
2017-05-09 14:07:44 [scrapy.extensions.logstats] INFO: Crawled 0 pages (at 0 pages/min), scraped 0 items (at 0 items/min)
2017-05-09 14:07:44 [scrapy.extensions.telnet] DEBUG: Telnet console listening on 127.0.0.1:6023
2017-05-09 14:07:45 [scrapy.downloadermiddlewares.redirect] DEBUG: Redirecting (301) to <GET https://en.wikipedia.org/robots.txt> from <GET http://en.wikipedia.org/robots.txt>
2017-05-09 14:07:46 [scrapy.core.engine] DEBUG: Crawled (200) <GET https://en.wikipedia.org/robots.txt> (referer: None)
2017-05-09 14:07:46 [scrapy.downloadermiddlewares.redirect] DEBUG: Redirecting (301) to <GET https://en.wikipedia.org/wiki/Main_Page> from <GET http://en.wikipedia.org/wiki/Main_Page>
2017-05-09 14:07:47 [scrapy.downloadermiddlewares.redirect] DEBUG: Redirecting (301) to <GET https://en.wikipedia.org/wiki/Python_%28programming_language%29> from <GET http://en.wikipedia.org/wiki/Python_%28programming_language%29>
2017-05-09 14:07:47 [scrapy.core.engine] DEBUG: Crawled (200) <GET https://en.wikipedia.org/wiki/Main_Page> (referer: None)
2017-05-09 14:07:47 [scrapy.core.scraper] DEBUG: Scraped from <200 https://en.wikipedia.org/wiki/Main_Page>
{'title': 'Main Page'}
2017-05-09 14:07:48 [scrapy.core.engine] DEBUG: Crawled (200) <GET https://en.wikipedia.org/wiki/Python_%28programming_language%29> (referer: None)
2017-05-09 14:07:48 [scrapy.core.scraper] DEBUG: Scraped from <200 https://en.wikipedia.org/wiki/Python_%28programming_language%29>
{'title': 'Python (programming language)'}
2017-05-09 14:07:48 [scrapy.core.engine] INFO: Closing spider (finished)
2017-05-09 14:07:48 [scrapy.statscollectors] INFO: Dumping Scrapy stats:
{'downloader/request_bytes': 1695,
 'downloader/request_count': 6,
 'downloader/request_method_count/GET': 6,
 'downloader/response_bytes': 96140,
 'downloader/response_count': 6,
 'downloader/response_status_count/200': 3,
 'downloader/response_status_count/301': 3,
 'finish_reason': 'finished',
 'finish_time': datetime.datetime(2017, 5, 9, 6, 7, 48, 650004),
 'item_scraped_count': 2,
 'log_count/DEBUG': 9,
 'log_count/INFO': 7,
 'response_received_count': 3,
 'scheduler/dequeued': 4,
 'scheduler/dequeued/memory': 4,
 'scheduler/enqueued': 4,
 'scheduler/enqueued/memory': 4,
 'start_time': datetime.datetime(2017, 5, 9, 6, 7, 44, 997041)}
2017-05-09 14:07:48 [scrapy.core.engine] INFO: Spider closed (finished)
